11:59:59.851 [main] INFO  testCases.TC01_NewAccRegistration - *****Starting TC01_NewAccRegistration *****
12:00:00.128 [main] INFO  testCases.TC01_NewAccRegistration - Clicked on My Account Link
12:00:01.363 [main] INFO  testCases.TC01_NewAccRegistration - Clicked on Registration Link
12:00:01.368 [main] INFO  testCases.TC01_NewAccRegistration - Providing all the details required for Registration
12:00:02.430 [main] INFO  testCases.TC01_NewAccRegistration - Clicked on Continue button
12:00:09.162 [main] INFO  testCases.TC01_NewAccRegistration - Validating Confirmation Message
12:00:09.223 [main] INFO  testCases.TC01_NewAccRegistration - *****Finished TC01_NewAccRegistration *****
12:00:14.334 [main] INFO  testCases.TC02_AccLogin - *****Starting TC02_AccLogin *****
12:00:14.518 [main] INFO  testCases.TC02_AccLogin - Clicked on My Account Link
12:00:15.106 [main] INFO  testCases.TC02_AccLogin - Clicked on Login
12:00:15.110 [main] INFO  testCases.TC02_AccLogin - Sending Login Information
12:00:15.458 [main] INFO  testCases.TC02_AccLogin - Clicked on Login Button
12:00:16.752 [main] INFO  testCases.TC02_AccLogin - *****Finished TC02_AccLogin *****
12:00:43.264 [main] INFO  testCases.TC01_NewAccRegistration - *****Starting TC01_NewAccRegistration *****
12:00:43.538 [main] INFO  testCases.TC01_NewAccRegistration - Clicked on My Account Link
12:00:44.740 [main] INFO  testCases.TC01_NewAccRegistration - Clicked on Registration Link
12:00:44.748 [main] INFO  testCases.TC01_NewAccRegistration - Providing all the details required for Registration
12:00:45.670 [main] INFO  testCases.TC01_NewAccRegistration - Clicked on Continue button
12:00:47.286 [main] INFO  testCases.TC01_NewAccRegistration - Validating Confirmation Message
12:00:47.347 [main] INFO  testCases.TC01_NewAccRegistration - *****Finished TC01_NewAccRegistration *****
12:00:51.929 [main] INFO  testCases.TC02_AccLogin - *****Starting TC02_AccLogin *****
12:00:52.123 [main] INFO  testCases.TC02_AccLogin - Clicked on My Account Link
12:00:52.596 [main] INFO  testCases.TC02_AccLogin - Clicked on Login
12:00:52.602 [main] INFO  testCases.TC02_AccLogin - Sending Login Information
12:00:52.927 [main] INFO  testCases.TC02_AccLogin - Clicked on Login Button
12:00:55.313 [main] INFO  testCases.TC02_AccLogin - *****Finished TC02_AccLogin *****
12:23:05.410 [main] INFO  testCases.TC01_NewAccRegistration - *****Starting TC01_NewAccRegistration *****
12:23:05.717 [main] INFO  testCases.TC01_NewAccRegistration - Clicked on My Account Link
12:23:06.960 [main] INFO  testCases.TC01_NewAccRegistration - Clicked on Registration Link
12:23:06.966 [main] INFO  testCases.TC01_NewAccRegistration - Providing all the details required for Registration
12:23:07.898 [main] INFO  testCases.TC01_NewAccRegistration - Clicked on Continue button
12:23:09.037 [main] INFO  testCases.TC01_NewAccRegistration - Validating Confirmation Message
12:23:09.107 [main] INFO  testCases.TC01_NewAccRegistration - *****Finished TC01_NewAccRegistration *****
12:23:13.870 [main] INFO  testCases.TC02_AccLogin - *****Starting TC02_AccLogin *****
12:23:14.067 [main] INFO  testCases.TC02_AccLogin - Clicked on My Account Link
12:23:14.735 [main] INFO  testCases.TC02_AccLogin - Clicked on Login
12:23:14.739 [main] INFO  testCases.TC02_AccLogin - Sending Login Information
12:23:16.101 [main] INFO  testCases.TC02_AccLogin - Clicked on Login Button
12:23:16.162 [main] INFO  testCases.TC02_AccLogin - *****Finished TC02_AccLogin *****
12:24:49.372 [main] INFO  testCases.TC01_NewAccRegistration - *****Starting TC01_NewAccRegistration *****
12:24:49.655 [main] INFO  testCases.TC01_NewAccRegistration - Clicked on My Account Link
12:24:50.892 [main] INFO  testCases.TC01_NewAccRegistration - Clicked on Registration Link
12:24:50.896 [main] INFO  testCases.TC01_NewAccRegistration - Providing all the details required for Registration
12:24:51.826 [main] INFO  testCases.TC01_NewAccRegistration - Clicked on Continue button
12:24:52.967 [main] INFO  testCases.TC01_NewAccRegistration - Validating Confirmation Message
12:24:53.041 [main] INFO  testCases.TC01_NewAccRegistration - *****Finished TC01_NewAccRegistration *****
12:24:58.366 [main] INFO  testCases.TC02_AccLogin - *****Starting TC02_AccLogin *****
12:24:58.581 [main] INFO  testCases.TC02_AccLogin - Clicked on My Account Link
12:24:59.285 [main] INFO  testCases.TC02_AccLogin - Clicked on Login
12:24:59.303 [main] INFO  testCases.TC02_AccLogin - Sending Login Information
12:24:59.673 [main] INFO  testCases.TC02_AccLogin - Clicked on Login Button
12:25:00.795 [main] INFO  testCases.TC02_AccLogin - *****Finished TC02_AccLogin *****
